<!DOCTYPE html PUBLIC "-//W3C//DTD XHTML 1.1//EN" "http://www.w3.org/TR/xhtml11/DTD/xhtml11.dtd">
<html xmlns="http://www.w3.org/1999/xhtml"><head><title>TestNG Report</title><style type="text/css">table {margin-bottom:10px;border-collapse:collapse;empty-cells:show}th,td {border:1px solid #009;padding:.25em .5em}th {vertical-align:bottom}td {vertical-align:top}table a {font-weight:bold}.stripe td {background-color: #E6EBF9}.num {text-align:right}.passedodd td {background-color: #3F3}.passedeven td {background-color: #0A0}.skippedodd td {background-color: #DDD}.skippedeven td {background-color: #CCC}.failedodd td,.attn {background-color: #F33}.failedeven td,.stripe .attn {background-color: #D00}.stacktrace {white-space:pre;font-family:monospace}.totop {font-size:85%;text-align:center;border-bottom:2px solid #000}</style></head><body><table><tr><th>Test</th><th># Passed</th><th># Skipped</th><th># Failed</th><th>Time (ms)</th><th>Included Groups</th><th>Excluded Groups</th></tr><tr><th colspan="7">Default suite</th></tr><tr><td><a href="#t0">Default test</a></td><td class="num">33</td><td class="num">0</td><td class="num attn">8</td><td class="num">27,891</td><td></td><td></td></tr></table><table><thead><tr><th>Class</th><th>Method</th><th>Start</th><th>Time (ms)</th></tr></thead><tbody><tr><th colspan="4">Default suite</th></tr></tbody><tbody id="t0"><tr><th colspan="4">Default test &#8212; failed</th></tr><tr class="failedeven"><td rowspan="8">twc.Automation.ExecutableTestCases.smokeTestCases</td><td><a href="#m0">Validate_Feed1_ct_Custom_param</a></td><td rowspan="1">1652933406324</td><td rowspan="1">667</td></tr><tr class="failedeven"><td><a href="#m1">Validate_GMA_SDK_version</a></td><td rowspan="1">1652933416041</td><td rowspan="1">231</td></tr><tr class="failedeven"><td><a href="#m2">Validate_HourlyDetails_cnd_Custom_param</a></td><td rowspan="1">1652933404786</td><td rowspan="1">528</td></tr><tr class="failedeven"><td><a href="#m3">Validate_HourlyDetails_ct_Custom_param</a></td><td rowspan="1">1652933407370</td><td rowspan="1">432</td></tr><tr class="failedeven"><td><a href="#m4">Validate_HourlyDetails_dynght_Custom_param</a></td><td rowspan="1">1652933413892</td><td rowspan="1">387</td></tr><tr class="failedeven"><td><a href="#m5">Validate_HourlyDetails_tmp_Custom_param</a></td><td rowspan="1">1652933411561</td><td rowspan="1">402</td></tr><tr class="failedeven"><td><a href="#m6">Validate_HourlyDetails_tmpr_Custom_param</a></td><td rowspan="1">1652933412730</td><td rowspan="1">391</td></tr><tr class="failedeven"><td><a href="#m7">Validate_Marquee_ct_Custom_param</a></td><td rowspan="1">1652933408619</td><td rowspan="1">362</td></tr><tr><th colspan="4">Default test &#8212; passed</th></tr><tr class="passedeven"><td rowspan="33">twc.Automation.ExecutableTestCases.smokeTestCases</td><td><a href="#m8">Validate_Criteo_SDK_Bidder_API_Call_Response_Code</a></td><td rowspan="1">1652933417601</td><td rowspan="1">444</td></tr><tr class="passedeven"><td><a href="#m9">Validate_Criteo_SDK_Initialization_API_Call_Response_Code</a></td><td rowspan="1">1652933418049</td><td rowspan="1">439</td></tr><tr class="passedeven"><td><a href="#m10">Validate_Criteo_SDK_Initialization_API_Call_Response_Parameter_csmEnabled</a></td><td rowspan="1">1652933418491</td><td rowspan="1">459</td></tr><tr class="passedeven"><td><a href="#m11">Validate_Criteo_SDK_Initialization_API_Call_Response_Parameter_liveBiddingEnabled</a></td><td rowspan="1">1652933418953</td><td rowspan="1">10421</td></tr><tr class="passedeven"><td><a href="#m12">Validate_Criteo_SDK_config_app_Call_bundleId_parameter</a></td><td rowspan="1">1652933417175</td><td rowspan="1">423</td></tr><tr class="passedeven"><td><a href="#m13">Validate_Criteo_SDK_config_app_Call_cpId_parameter</a></td><td rowspan="1">1652933416723</td><td rowspan="1">449</td></tr><tr class="passedeven"><td><a href="#m14">Validate_Criteo_SDK_config_app_Call_sdkVersion_parameter</a></td><td rowspan="1">1652933416276</td><td rowspan="1">444</td></tr><tr class="passedeven"><td><a href="#m15">Validate_Feed1_cnd_Custom_param</a></td><td rowspan="1">1652933404054</td><td rowspan="1">728</td></tr><tr class="passedeven"><td><a href="#m16">Validate_Feed1_dma_Custom_param</a></td><td rowspan="1">1652933405846</td><td rowspan="1">475</td></tr><tr class="passedeven"><td><a href="#m17">Validate_Feed1_dynght_Custom_param</a></td><td rowspan="1">1652933413522</td><td rowspan="1">368</td></tr><tr class="passedeven"><td><a href="#m18">Validate_Feed1_locale_Custom_param</a></td><td rowspan="1">1652933408264</td><td rowspan="1">351</td></tr><tr class="passedeven"><td><a href="#m19">Validate_Feed1_mr_Custom_param</a></td><td rowspan="1">1652933415595</td><td rowspan="1">213</td></tr><tr class="passedeven"><td><a href="#m20">Validate_Feed1_st_Custom_param</a></td><td rowspan="1">1652933414645</td><td rowspan="1">375</td></tr><tr class="passedeven"><td><a href="#m21">Validate_Feed1_tmp_Custom_param</a></td><td rowspan="1">1652933411196</td><td rowspan="1">362</td></tr><tr class="passedeven"><td><a href="#m22">Validate_Feed1_tmpc_Custom_param</a></td><td rowspan="1">1652933407812</td><td rowspan="1">3</td></tr><tr class="passedeven"><td><a href="#m23">Validate_Feed1_tmpr_Custom_param</a></td><td rowspan="1">1652933412334</td><td rowspan="1">394</td></tr><tr class="passedeven"><td><a href="#m24">Validate_Feed1_zip_Custom_param</a></td><td rowspan="1">1652933409919</td><td rowspan="1">479</td></tr><tr class="passedeven"><td><a href="#m25">Validate_HourlyDetails_dma_Custom_param</a></td><td rowspan="1">1652933406997</td><td rowspan="1">370</td></tr><tr class="passedeven"><td><a href="#m26">Validate_HourlyDetails_locale_Custom_param</a></td><td rowspan="1">1652933408986</td><td rowspan="1">535</td></tr><tr class="passedeven"><td><a href="#m27">Validate_HourlyDetails_mr_Custom_param</a></td><td rowspan="1">1652933415810</td><td rowspan="1">228</td></tr><tr class="passedeven"><td><a href="#m28">Validate_HourlyDetails_st_Custom_param</a></td><td rowspan="1">1652933415022</td><td rowspan="1">348</td></tr><tr class="passedeven"><td><a href="#m29">Validate_HourlyDetails_tmpc_Custom_param</a></td><td rowspan="1">1652933407816</td><td rowspan="1">3</td></tr><tr class="passedeven"><td><a href="#m30">Validate_HourlyDetails_zip_Custom_param</a></td><td rowspan="1">1652933410400</td><td rowspan="1">362</td></tr><tr class="passedeven"><td><a href="#m31">Validate_Marquee_cnd_Custom_param</a></td><td rowspan="1">1652933401543</td><td rowspan="1">2378</td></tr><tr class="passedeven"><td><a href="#m32">Validate_Marquee_dma_Custom_param</a></td><td rowspan="1">1652933405323</td><td rowspan="1">519</td></tr><tr class="passedeven"><td><a href="#m33">Validate_Marquee_dynght_Custom_param</a></td><td rowspan="1">1652933413125</td><td rowspan="1">395</td></tr><tr class="passedeven"><td><a href="#m34">Validate_Marquee_locale_Custom_param</a></td><td rowspan="1">1652933407820</td><td rowspan="1">442</td></tr><tr class="passedeven"><td><a href="#m35">Validate_Marquee_mr_Custom_param</a></td><td rowspan="1">1652933415372</td><td rowspan="1">219</td></tr><tr class="passedeven"><td><a href="#m36">Validate_Marquee_st_Custom_param</a></td><td rowspan="1">1652933414283</td><td rowspan="1">360</td></tr><tr class="passedeven"><td><a href="#m37">Validate_Marquee_tmp_Custom_param</a></td><td rowspan="1">1652933410764</td><td rowspan="1">430</td></tr><tr class="passedeven"><td><a href="#m38">Validate_Marquee_tmpc_Custom_param</a></td><td rowspan="1">1652933407807</td><td rowspan="1">3</td></tr><tr class="passedeven"><td><a href="#m39">Validate_Marquee_tmpr_Custom_param</a></td><td rowspan="1">1652933411966</td><td rowspan="1">366</td></tr><tr class="passedeven"><td><a href="#m40">Validate_Marquee_zip_Custom_param</a></td><td rowspan="1">1652933409524</td><td rowspan="1">393</td></tr></tbody></table><h2>Default test</h2><h3 id="m0">twc.Automation.ExecutableTestCases.smokeTestCases#Validate_Feed1_ct_Custom_param</h3><table class="result"><tr><th>Exception</th></tr><tr><td><div class="stacktrace">java.lang.AssertionError: Custom Parameter :ct value: Cave%2520Spring is not matched with the expected value: Cave Spring
	at org.testng.Assert.fail(Assert.java:94)
	at twc.Automation.General.Utils.validate_custom_param_val_of_gampad(Utils.java:4153)
	at twc.Automation.ExecutableTestCases.smokeTestCases.Validate_Feed1_ct_Custom_param(smokeTestCases.java:241)
	at sun.reflect.NativeMethodAccessorImpl.invoke0(Native Method)
	at sun.reflect.NativeMethodAccessorImpl.invoke(NativeMethodAccessorImpl.java:62)
	at sun.reflect.DelegatingMethodAccessorImpl.invoke(DelegatingMethodAccessorImpl.java:43)
	at java.lang.reflect.Method.invoke(Method.java:498)
	at org.testng.internal.MethodInvocationHelper.invokeMethod(MethodInvocationHelper.java:85)
	at org.testng.internal.Invoker.invokeMethod(Invoker.java:659)
	at org.testng.internal.Invoker.invokeTestMethod(Invoker.java:845)
	at org.testng.internal.Invoker.invokeTestMethods(Invoker.java:1153)
	at org.testng.internal.TestMethodWorker.invokeTestMethods(TestMethodWorker.java:125)
	at org.testng.internal.TestMethodWorker.run(TestMethodWorker.java:108)
	at org.testng.TestRunner.privateRun(TestRunner.java:771)
	at org.testng.TestRunner.run(TestRunner.java:621)
	at org.testng.SuiteRunner.runTest(SuiteRunner.java:357)
	at org.testng.SuiteRunner.runSequentially(SuiteRunner.java:352)
	at org.testng.SuiteRunner.privateRun(SuiteRunner.java:310)
	at org.testng.SuiteRunner.run(SuiteRunner.java:259)
	at org.testng.SuiteRunnerWorker.runSuite(SuiteRunnerWorker.java:52)
	at org.testng.SuiteRunnerWorker.run(SuiteRunnerWorker.java:86)
	at org.testng.TestNG.runSuitesSequentially(TestNG.java:1199)
	at org.testng.TestNG.runSuitesLocally(TestNG.java:1124)
	at org.testng.TestNG.run(TestNG.java:1032)
	at org.testng.remote.AbstractRemoteTestNG.run(AbstractRemoteTestNG.java:115)
	at org.testng.remote.RemoteTestNG.initAndRun(RemoteTestNG.java:251)
	at org.testng.remote.RemoteTestNG.main(RemoteTestNG.java:77)
</div></td></tr></table><p class="totop"><a href="#summary">back to summary</a></p><h3 id="m1">twc.Automation.ExecutableTestCases.smokeTestCases#Validate_GMA_SDK_version</h3><table class="result"><tr><th>Exception</th></tr><tr><td><div class="stacktrace">java.lang.AssertionError: Custom Parameter :js value: afma-sdk-a-v221310999.212910000.1 is not matched with the expected value afma-sdk-a-v214106999.212910000.1
	at org.testng.Assert.fail(Assert.java:94)
	at twc.Automation.General.Utils.validate_Noncustom_param_val_of_gampad(Utils.java:6641)
	at twc.Automation.ExecutableTestCases.smokeTestCases.Validate_GMA_SDK_version(smokeTestCases.java:538)
	at sun.reflect.NativeMethodAccessorImpl.invoke0(Native Method)
	at sun.reflect.NativeMethodAccessorImpl.invoke(NativeMethodAccessorImpl.java:62)
	at sun.reflect.DelegatingMethodAccessorImpl.invoke(DelegatingMethodAccessorImpl.java:43)
	at java.lang.reflect.Method.invoke(Method.java:498)
	at org.testng.internal.MethodInvocationHelper.invokeMethod(MethodInvocationHelper.java:85)
	at org.testng.internal.Invoker.invokeMethod(Invoker.java:659)
	at org.testng.internal.Invoker.invokeTestMethod(Invoker.java:845)
	at org.testng.internal.Invoker.invokeTestMethods(Invoker.java:1153)
	at org.testng.internal.TestMethodWorker.invokeTestMethods(TestMethodWorker.java:125)
	at org.testng.internal.TestMethodWorker.run(TestMethodWorker.java:108)
	at org.testng.TestRunner.privateRun(TestRunner.java:771)
	at org.testng.TestRunner.run(TestRunner.java:621)
	at org.testng.SuiteRunner.runTest(SuiteRunner.java:357)
	at org.testng.SuiteRunner.runSequentially(SuiteRunner.java:352)
	at org.testng.SuiteRunner.privateRun(SuiteRunner.java:310)
	at org.testng.SuiteRunner.run(SuiteRunner.java:259)
	at org.testng.SuiteRunnerWorker.runSuite(SuiteRunnerWorker.java:52)
	at org.testng.SuiteRunnerWorker.run(SuiteRunnerWorker.java:86)
	at org.testng.TestNG.runSuitesSequentially(TestNG.java:1199)
	at org.testng.TestNG.runSuitesLocally(TestNG.java:1124)
	at org.testng.TestNG.run(TestNG.java:1032)
	at org.testng.remote.AbstractRemoteTestNG.run(AbstractRemoteTestNG.java:115)
	at org.testng.remote.RemoteTestNG.initAndRun(RemoteTestNG.java:251)
	at org.testng.remote.RemoteTestNG.main(RemoteTestNG.java:77)
</div></td></tr></table><p class="totop"><a href="#summary">back to summary</a></p><h3 id="m2">twc.Automation.ExecutableTestCases.smokeTestCases#Validate_HourlyDetails_cnd_Custom_param</h3><table class="result"><tr><th>Exception</th></tr><tr><td><div class="stacktrace">java.lang.AssertionError: Custom Parameter :cnd value: nl is not matched with the expected value: sun
	at org.testng.Assert.fail(Assert.java:94)
	at twc.Automation.General.Utils.validate_custom_param_val_of_gampad(Utils.java:4153)
	at twc.Automation.ExecutableTestCases.smokeTestCases.Validate_HourlyDetails_cnd_Custom_param(smokeTestCases.java:129)
	at sun.reflect.NativeMethodAccessorImpl.invoke0(Native Method)
	at sun.reflect.NativeMethodAccessorImpl.invoke(NativeMethodAccessorImpl.java:62)
	at sun.reflect.DelegatingMethodAccessorImpl.invoke(DelegatingMethodAccessorImpl.java:43)
	at java.lang.reflect.Method.invoke(Method.java:498)
	at org.testng.internal.MethodInvocationHelper.invokeMethod(MethodInvocationHelper.java:85)
	at org.testng.internal.Invoker.invokeMethod(Invoker.java:659)
	at org.testng.internal.Invoker.invokeTestMethod(Invoker.java:845)
	at org.testng.internal.Invoker.invokeTestMethods(Invoker.java:1153)
	at org.testng.internal.TestMethodWorker.invokeTestMethods(TestMethodWorker.java:125)
	at org.testng.internal.TestMethodWorker.run(TestMethodWorker.java:108)
	at org.testng.TestRunner.privateRun(TestRunner.java:771)
	at org.testng.TestRunner.run(TestRunner.java:621)
	at org.testng.SuiteRunner.runTest(SuiteRunner.java:357)
	at org.testng.SuiteRunner.runSequentially(SuiteRunner.java:352)
	at org.testng.SuiteRunner.privateRun(SuiteRunner.java:310)
	at org.testng.SuiteRunner.run(SuiteRunner.java:259)
	at org.testng.SuiteRunnerWorker.runSuite(SuiteRunnerWorker.java:52)
	at org.testng.SuiteRunnerWorker.run(SuiteRunnerWorker.java:86)
	at org.testng.TestNG.runSuitesSequentially(TestNG.java:1199)
	at org.testng.TestNG.runSuitesLocally(TestNG.java:1124)
	at org.testng.TestNG.run(TestNG.java:1032)
	at org.testng.remote.AbstractRemoteTestNG.run(AbstractRemoteTestNG.java:115)
	at org.testng.remote.RemoteTestNG.initAndRun(RemoteTestNG.java:251)
	at org.testng.remote.RemoteTestNG.main(RemoteTestNG.java:77)
</div></td></tr></table><p class="totop"><a href="#summary">back to summary</a></p><h3 id="m3">twc.Automation.ExecutableTestCases.smokeTestCases#Validate_HourlyDetails_ct_Custom_param</h3><table class="result"><tr><th>Exception</th></tr><tr><td><div class="stacktrace">java.lang.AssertionError: Custom Parameter :ct value: Cave%2520Spring is not matched with the expected value: Cave Spring
	at org.testng.Assert.fail(Assert.java:94)
	at twc.Automation.General.Utils.validate_custom_param_val_of_gampad(Utils.java:4153)
	at twc.Automation.ExecutableTestCases.smokeTestCases.Validate_HourlyDetails_ct_Custom_param(smokeTestCases.java:255)
	at sun.reflect.NativeMethodAccessorImpl.invoke0(Native Method)
	at sun.reflect.NativeMethodAccessorImpl.invoke(NativeMethodAccessorImpl.java:62)
	at sun.reflect.DelegatingMethodAccessorImpl.invoke(DelegatingMethodAccessorImpl.java:43)
	at java.lang.reflect.Method.invoke(Method.java:498)
	at org.testng.internal.MethodInvocationHelper.invokeMethod(MethodInvocationHelper.java:85)
	at org.testng.internal.Invoker.invokeMethod(Invoker.java:659)
	at org.testng.internal.Invoker.invokeTestMethod(Invoker.java:845)
	at org.testng.internal.Invoker.invokeTestMethods(Invoker.java:1153)
	at org.testng.internal.TestMethodWorker.invokeTestMethods(TestMethodWorker.java:125)
	at org.testng.internal.TestMethodWorker.run(TestMethodWorker.java:108)
	at org.testng.TestRunner.privateRun(TestRunner.java:771)
	at org.testng.TestRunner.run(TestRunner.java:621)
	at org.testng.SuiteRunner.runTest(SuiteRunner.java:357)
	at org.testng.SuiteRunner.runSequentially(SuiteRunner.java:352)
	at org.testng.SuiteRunner.privateRun(SuiteRunner.java:310)
	at org.testng.SuiteRunner.run(SuiteRunner.java:259)
	at org.testng.SuiteRunnerWorker.runSuite(SuiteRunnerWorker.java:52)
	at org.testng.SuiteRunnerWorker.run(SuiteRunnerWorker.java:86)
	at org.testng.TestNG.runSuitesSequentially(TestNG.java:1199)
	at org.testng.TestNG.runSuitesLocally(TestNG.java:1124)
	at org.testng.TestNG.run(TestNG.java:1032)
	at org.testng.remote.AbstractRemoteTestNG.run(AbstractRemoteTestNG.java:115)
	at org.testng.remote.RemoteTestNG.initAndRun(RemoteTestNG.java:251)
	at org.testng.remote.RemoteTestNG.main(RemoteTestNG.java:77)
</div></td></tr></table><p class="totop"><a href="#summary">back to summary</a></p><h3 id="m4">twc.Automation.ExecutableTestCases.smokeTestCases#Validate_HourlyDetails_dynght_Custom_param</h3><table class="result"><tr><th>Exception</th></tr><tr><td><div class="stacktrace">java.lang.AssertionError: Custom Parameter :dynght value: nl is not matched with the expected value: D
	at org.testng.Assert.fail(Assert.java:94)
	at twc.Automation.General.Utils.validate_custom_param_val_of_gampad(Utils.java:4153)
	at twc.Automation.ExecutableTestCases.smokeTestCases.Validate_HourlyDetails_dynght_Custom_param(smokeTestCases.java:454)
	at sun.reflect.NativeMethodAccessorImpl.invoke0(Native Method)
	at sun.reflect.NativeMethodAccessorImpl.invoke(NativeMethodAccessorImpl.java:62)
	at sun.reflect.DelegatingMethodAccessorImpl.invoke(DelegatingMethodAccessorImpl.java:43)
	at java.lang.reflect.Method.invoke(Method.java:498)
	at org.testng.internal.MethodInvocationHelper.invokeMethod(MethodInvocationHelper.java:85)
	at org.testng.internal.Invoker.invokeMethod(Invoker.java:659)
	at org.testng.internal.Invoker.invokeTestMethod(Invoker.java:845)
	at org.testng.internal.Invoker.invokeTestMethods(Invoker.java:1153)
	at org.testng.internal.TestMethodWorker.invokeTestMethods(TestMethodWorker.java:125)
	at org.testng.internal.TestMethodWorker.run(TestMethodWorker.java:108)
	at org.testng.TestRunner.privateRun(TestRunner.java:771)
	at org.testng.TestRunner.run(TestRunner.java:621)
	at org.testng.SuiteRunner.runTest(SuiteRunner.java:357)
	at org.testng.SuiteRunner.runSequentially(SuiteRunner.java:352)
	at org.testng.SuiteRunner.privateRun(SuiteRunner.java:310)
	at org.testng.SuiteRunner.run(SuiteRunner.java:259)
	at org.testng.SuiteRunnerWorker.runSuite(SuiteRunnerWorker.java:52)
	at org.testng.SuiteRunnerWorker.run(SuiteRunnerWorker.java:86)
	at org.testng.TestNG.runSuitesSequentially(TestNG.java:1199)
	at org.testng.TestNG.runSuitesLocally(TestNG.java:1124)
	at org.testng.TestNG.run(TestNG.java:1032)
	at org.testng.remote.AbstractRemoteTestNG.run(AbstractRemoteTestNG.java:115)
	at org.testng.remote.RemoteTestNG.initAndRun(RemoteTestNG.java:251)
	at org.testng.remote.RemoteTestNG.main(RemoteTestNG.java:77)
</div></td></tr></table><p class="totop"><a href="#summary">back to summary</a></p><h3 id="m5">twc.Automation.ExecutableTestCases.smokeTestCases#Validate_HourlyDetails_tmp_Custom_param</h3><table class="result"><tr><th>Exception</th></tr><tr><td><div class="stacktrace">java.lang.AssertionError: Custom Parameter :tmp value: nl is not matched with the expected value: 80h
	at org.testng.Assert.fail(Assert.java:94)
	at twc.Automation.General.Utils.validate_custom_param_val_of_gampad(Utils.java:4153)
	at twc.Automation.ExecutableTestCases.smokeTestCases.Validate_HourlyDetails_tmp_Custom_param(smokeTestCases.java:375)
	at sun.reflect.NativeMethodAccessorImpl.invoke0(Native Method)
	at sun.reflect.NativeMethodAccessorImpl.invoke(NativeMethodAccessorImpl.java:62)
	at sun.reflect.DelegatingMethodAccessorImpl.invoke(DelegatingMethodAccessorImpl.java:43)
	at java.lang.reflect.Method.invoke(Method.java:498)
	at org.testng.internal.MethodInvocationHelper.invokeMethod(MethodInvocationHelper.java:85)
	at org.testng.internal.Invoker.invokeMethod(Invoker.java:659)
	at org.testng.internal.Invoker.invokeTestMethod(Invoker.java:845)
	at org.testng.internal.Invoker.invokeTestMethods(Invoker.java:1153)
	at org.testng.internal.TestMethodWorker.invokeTestMethods(TestMethodWorker.java:125)
	at org.testng.internal.TestMethodWorker.run(TestMethodWorker.java:108)
	at org.testng.TestRunner.privateRun(TestRunner.java:771)
	at org.testng.TestRunner.run(TestRunner.java:621)
	at org.testng.SuiteRunner.runTest(SuiteRunner.java:357)
	at org.testng.SuiteRunner.runSequentially(SuiteRunner.java:352)
	at org.testng.SuiteRunner.privateRun(SuiteRunner.java:310)
	at org.testng.SuiteRunner.run(SuiteRunner.java:259)
	at org.testng.SuiteRunnerWorker.runSuite(SuiteRunnerWorker.java:52)
	at org.testng.SuiteRunnerWorker.run(SuiteRunnerWorker.java:86)
	at org.testng.TestNG.runSuitesSequentially(TestNG.java:1199)
	at org.testng.TestNG.runSuitesLocally(TestNG.java:1124)
	at org.testng.TestNG.run(TestNG.java:1032)
	at org.testng.remote.AbstractRemoteTestNG.run(AbstractRemoteTestNG.java:115)
	at org.testng.remote.RemoteTestNG.initAndRun(RemoteTestNG.java:251)
	at org.testng.remote.RemoteTestNG.main(RemoteTestNG.java:77)
</div></td></tr></table><p class="totop"><a href="#summary">back to summary</a></p><h3 id="m6">twc.Automation.ExecutableTestCases.smokeTestCases#Validate_HourlyDetails_tmpr_Custom_param</h3><table class="result"><tr><th>Exception</th></tr><tr><td><div class="stacktrace">java.lang.AssertionError: Custom Parameter :tmpr value: nl is not matched with the expected value: warm
	at org.testng.Assert.fail(Assert.java:94)
	at twc.Automation.General.Utils.validate_custom_param_val_of_gampad(Utils.java:4153)
	at twc.Automation.ExecutableTestCases.smokeTestCases.Validate_HourlyDetails_tmpr_Custom_param(smokeTestCases.java:414)
	at sun.reflect.NativeMethodAccessorImpl.invoke0(Native Method)
	at sun.reflect.NativeMethodAccessorImpl.invoke(NativeMethodAccessorImpl.java:62)
	at sun.reflect.DelegatingMethodAccessorImpl.invoke(DelegatingMethodAccessorImpl.java:43)
	at java.lang.reflect.Method.invoke(Method.java:498)
	at org.testng.internal.MethodInvocationHelper.invokeMethod(MethodInvocationHelper.java:85)
	at org.testng.internal.Invoker.invokeMethod(Invoker.java:659)
	at org.testng.internal.Invoker.invokeTestMethod(Invoker.java:845)
	at org.testng.internal.Invoker.invokeTestMethods(Invoker.java:1153)
	at org.testng.internal.TestMethodWorker.invokeTestMethods(TestMethodWorker.java:125)
	at org.testng.internal.TestMethodWorker.run(TestMethodWorker.java:108)
	at org.testng.TestRunner.privateRun(TestRunner.java:771)
	at org.testng.TestRunner.run(TestRunner.java:621)
	at org.testng.SuiteRunner.runTest(SuiteRunner.java:357)
	at org.testng.SuiteRunner.runSequentially(SuiteRunner.java:352)
	at org.testng.SuiteRunner.privateRun(SuiteRunner.java:310)
	at org.testng.SuiteRunner.run(SuiteRunner.java:259)
	at org.testng.SuiteRunnerWorker.runSuite(SuiteRunnerWorker.java:52)
	at org.testng.SuiteRunnerWorker.run(SuiteRunnerWorker.java:86)
	at org.testng.TestNG.runSuitesSequentially(TestNG.java:1199)
	at org.testng.TestNG.runSuitesLocally(TestNG.java:1124)
	at org.testng.TestNG.run(TestNG.java:1032)
	at org.testng.remote.AbstractRemoteTestNG.run(AbstractRemoteTestNG.java:115)
	at org.testng.remote.RemoteTestNG.initAndRun(RemoteTestNG.java:251)
	at org.testng.remote.RemoteTestNG.main(RemoteTestNG.java:77)
</div></td></tr></table><p class="totop"><a href="#summary">back to summary</a></p><h3 id="m7">twc.Automation.ExecutableTestCases.smokeTestCases#Validate_Marquee_ct_Custom_param</h3><table class="result"><tr><th>Exception</th></tr><tr><td><div class="stacktrace">java.lang.AssertionError: Custom Parameter :ct value: Cave%2520Spring is not matched with the expected value: Cave Spring
	at org.testng.Assert.fail(Assert.java:94)
	at twc.Automation.General.Utils.validate_custom_param_val_of_gampad(Utils.java:4153)
	at twc.Automation.ExecutableTestCases.smokeTestCases.Validate_Marquee_ct_Custom_param(smokeTestCases.java:228)
	at sun.reflect.NativeMethodAccessorImpl.invoke0(Native Method)
	at sun.reflect.NativeMethodAccessorImpl.invoke(NativeMethodAccessorImpl.java:62)
	at sun.reflect.DelegatingMethodAccessorImpl.invoke(DelegatingMethodAccessorImpl.java:43)
	at java.lang.reflect.Method.invoke(Method.java:498)
	at org.testng.internal.MethodInvocationHelper.invokeMethod(MethodInvocationHelper.java:85)
	at org.testng.internal.Invoker.invokeMethod(Invoker.java:659)
	at org.testng.internal.Invoker.invokeTestMethod(Invoker.java:845)
	at org.testng.internal.Invoker.invokeTestMethods(Invoker.java:1153)
	at org.testng.internal.TestMethodWorker.invokeTestMethods(TestMethodWorker.java:125)
	at org.testng.internal.TestMethodWorker.run(TestMethodWorker.java:108)
	at org.testng.TestRunner.privateRun(TestRunner.java:771)
	at org.testng.TestRunner.run(TestRunner.java:621)
	at org.testng.SuiteRunner.runTest(SuiteRunner.java:357)
	at org.testng.SuiteRunner.runSequentially(SuiteRunner.java:352)
	at org.testng.SuiteRunner.privateRun(SuiteRunner.java:310)
	at org.testng.SuiteRunner.run(SuiteRunner.java:259)
	at org.testng.SuiteRunnerWorker.runSuite(SuiteRunnerWorker.java:52)
	at org.testng.SuiteRunnerWorker.run(SuiteRunnerWorker.java:86)
	at org.testng.TestNG.runSuitesSequentially(TestNG.java:1199)
	at org.testng.TestNG.runSuitesLocally(TestNG.java:1124)
	at org.testng.TestNG.run(TestNG.java:1032)
	at org.testng.remote.AbstractRemoteTestNG.run(AbstractRemoteTestNG.java:115)
	at org.testng.remote.RemoteTestNG.initAndRun(RemoteTestNG.java:251)
	at org.testng.remote.RemoteTestNG.main(RemoteTestNG.java:77)
</div></td></tr></table><p class="totop"><a href="#summary">back to summary</a></p><h3 id="m8">twc.Automation.ExecutableTestCases.smokeTestCases#Validate_Criteo_SDK_Bidder_API_Call_Response_Code</h3><table class="result"></table><p class="totop"><a href="#summary">back to summary</a></p><h3 id="m9">twc.Automation.ExecutableTestCases.smokeTestCases#Validate_Criteo_SDK_Initialization_API_Call_Response_Code</h3><table class="result"></table><p class="totop"><a href="#summary">back to summary</a></p><h3 id="m10">twc.Automation.ExecutableTestCases.smokeTestCases#Validate_Criteo_SDK_Initialization_API_Call_Response_Parameter_csmEnabled</h3><table class="result"></table><p class="totop"><a href="#summary">back to summary</a></p><h3 id="m11">twc.Automation.ExecutableTestCases.smokeTestCases#Validate_Criteo_SDK_Initialization_API_Call_Response_Parameter_liveBiddingEnabled</h3><table class="result"></table><p class="totop"><a href="#summary">back to summary</a></p><h3 id="m12">twc.Automation.ExecutableTestCases.smokeTestCases#Validate_Criteo_SDK_config_app_Call_bundleId_parameter</h3><table class="result"></table><p class="totop"><a href="#summary">back to summary</a></p><h3 id="m13">twc.Automation.ExecutableTestCases.smokeTestCases#Validate_Criteo_SDK_config_app_Call_cpId_parameter</h3><table class="result"></table><p class="totop"><a href="#summary">back to summary</a></p><h3 id="m14">twc.Automation.ExecutableTestCases.smokeTestCases#Validate_Criteo_SDK_config_app_Call_sdkVersion_parameter</h3><table class="result"></table><p class="totop"><a href="#summary">back to summary</a></p><h3 id="m15">twc.Automation.ExecutableTestCases.smokeTestCases#Validate_Feed1_cnd_Custom_param</h3><table class="result"></table><p class="totop"><a href="#summary">back to summary</a></p><h3 id="m16">twc.Automation.ExecutableTestCases.smokeTestCases#Validate_Feed1_dma_Custom_param</h3><table class="result"></table><p class="totop"><a href="#summary">back to summary</a></p><h3 id="m17">twc.Automation.ExecutableTestCases.smokeTestCases#Validate_Feed1_dynght_Custom_param</h3><table class="result"></table><p class="totop"><a href="#summary">back to summary</a></p><h3 id="m18">twc.Automation.ExecutableTestCases.smokeTestCases#Validate_Feed1_locale_Custom_param</h3><table class="result"></table><p class="totop"><a href="#summary">back to summary</a></p><h3 id="m19">twc.Automation.ExecutableTestCases.smokeTestCases#Validate_Feed1_mr_Custom_param</h3><table class="result"></table><p class="totop"><a href="#summary">back to summary</a></p><h3 id="m20">twc.Automation.ExecutableTestCases.smokeTestCases#Validate_Feed1_st_Custom_param</h3><table class="result"></table><p class="totop"><a href="#summary">back to summary</a></p><h3 id="m21">twc.Automation.ExecutableTestCases.smokeTestCases#Validate_Feed1_tmp_Custom_param</h3><table class="result"></table><p class="totop"><a href="#summary">back to summary</a></p><h3 id="m22">twc.Automation.ExecutableTestCases.smokeTestCases#Validate_Feed1_tmpc_Custom_param</h3><table class="result"></table><p class="totop"><a href="#summary">back to summary</a></p><h3 id="m23">twc.Automation.ExecutableTestCases.smokeTestCases#Validate_Feed1_tmpr_Custom_param</h3><table class="result"></table><p class="totop"><a href="#summary">back to summary</a></p><h3 id="m24">twc.Automation.ExecutableTestCases.smokeTestCases#Validate_Feed1_zip_Custom_param</h3><table class="result"></table><p class="totop"><a href="#summary">back to summary</a></p><h3 id="m25">twc.Automation.ExecutableTestCases.smokeTestCases#Validate_HourlyDetails_dma_Custom_param</h3><table class="result"></table><p class="totop"><a href="#summary">back to summary</a></p><h3 id="m26">twc.Automation.ExecutableTestCases.smokeTestCases#Validate_HourlyDetails_locale_Custom_param</h3><table class="result"></table><p class="totop"><a href="#summary">back to summary</a></p><h3 id="m27">twc.Automation.ExecutableTestCases.smokeTestCases#Validate_HourlyDetails_mr_Custom_param</h3><table class="result"></table><p class="totop"><a href="#summary">back to summary</a></p><h3 id="m28">twc.Automation.ExecutableTestCases.smokeTestCases#Validate_HourlyDetails_st_Custom_param</h3><table class="result"></table><p class="totop"><a href="#summary">back to summary</a></p><h3 id="m29">twc.Automation.ExecutableTestCases.smokeTestCases#Validate_HourlyDetails_tmpc_Custom_param</h3><table class="result"></table><p class="totop"><a href="#summary">back to summary</a></p><h3 id="m30">twc.Automation.ExecutableTestCases.smokeTestCases#Validate_HourlyDetails_zip_Custom_param</h3><table class="result"></table><p class="totop"><a href="#summary">back to summary</a></p><h3 id="m31">twc.Automation.ExecutableTestCases.smokeTestCases#Validate_Marquee_cnd_Custom_param</h3><table class="result"></table><p class="totop"><a href="#summary">back to summary</a></p><h3 id="m32">twc.Automation.ExecutableTestCases.smokeTestCases#Validate_Marquee_dma_Custom_param</h3><table class="result"></table><p class="totop"><a href="#summary">back to summary</a></p><h3 id="m33">twc.Automation.ExecutableTestCases.smokeTestCases#Validate_Marquee_dynght_Custom_param</h3><table class="result"></table><p class="totop"><a href="#summary">back to summary</a></p><h3 id="m34">twc.Automation.ExecutableTestCases.smokeTestCases#Validate_Marquee_locale_Custom_param</h3><table class="result"></table><p class="totop"><a href="#summary">back to summary</a></p><h3 id="m35">twc.Automation.ExecutableTestCases.smokeTestCases#Validate_Marquee_mr_Custom_param</h3><table class="result"></table><p class="totop"><a href="#summary">back to summary</a></p><h3 id="m36">twc.Automation.ExecutableTestCases.smokeTestCases#Validate_Marquee_st_Custom_param</h3><table class="result"></table><p class="totop"><a href="#summary">back to summary</a></p><h3 id="m37">twc.Automation.ExecutableTestCases.smokeTestCases#Validate_Marquee_tmp_Custom_param</h3><table class="result"></table><p class="totop"><a href="#summary">back to summary</a></p><h3 id="m38">twc.Automation.ExecutableTestCases.smokeTestCases#Validate_Marquee_tmpc_Custom_param</h3><table class="result"></table><p class="totop"><a href="#summary">back to summary</a></p><h3 id="m39">twc.Automation.ExecutableTestCases.smokeTestCases#Validate_Marquee_tmpr_Custom_param</h3><table class="result"></table><p class="totop"><a href="#summary">back to summary</a></p><h3 id="m40">twc.Automation.ExecutableTestCases.smokeTestCases#Validate_Marquee_zip_Custom_param</h3><table class="result"></table><p class="totop"><a href="#summary">back to summary</a></p></body></html>