<?xml version="1.0" encoding="UTF-8"?>
<!-- Generated by org.testng.reporters.JUnitReportReporter -->
<testsuite hostname="Aswinikumars-MacBook-Pro.local" name="twc.Automation.ExecutableTestCases.smokeTestCases" tests="41" failures="8" timestamp="19 May 2022 04:10:29 GMT" time="27.578" errors="0">
  <testcase name="Validate_Marquee_dma_Custom_param" time="0.519" classname="twc.Automation.ExecutableTestCases.smokeTestCases"/>
  <testcase name="Validate_HourlyDetails_tmpr_Custom_param" time="0.391" classname="twc.Automation.ExecutableTestCases.smokeTestCases">
    <failure type="java.lang.AssertionError" message="Custom Parameter :tmpr value: nl is not matched with the expected value: warm">
      <![CDATA[java.lang.AssertionError: Custom Parameter :tmpr value: nl is not matched with the expected value: warm
	at org.testng.Assert.fail(Assert.java:94)
	at twc.Automation.General.Utils.validate_custom_param_val_of_gampad(Utils.java:4153)
	at twc.Automation.ExecutableTestCases.smokeTestCases.Validate_HourlyDetails_tmpr_Custom_param(smokeTestCases.java:414)
	at sun.reflect.NativeMethodAccessorImpl.invoke0(Native Method)
	at sun.reflect.NativeMethodAccessorImpl.invoke(NativeMethodAccessorImpl.java:62)
	at sun.reflect.DelegatingMethodAccessorImpl.invoke(DelegatingMethodAccessorImpl.java:43)
	at java.lang.reflect.Method.invoke(Method.java:498)
	at org.testng.internal.MethodInvocationHelper.invokeMethod(MethodInvocationHelper.java:85)
	at org.testng.internal.Invoker.invokeMethod(Invoker.java:659)
	at org.testng.internal.Invoker.invokeTestMethod(Invoker.java:845)
	at org.testng.internal.Invoker.invokeTestMethods(Invoker.java:1153)
	at org.testng.internal.TestMethodWorker.invokeTestMethods(TestMethodWorker.java:125)
	at org.testng.internal.TestMethodWorker.run(TestMethodWorker.java:108)
	at org.testng.TestRunner.privateRun(TestRunner.java:771)
	at org.testng.TestRunner.run(TestRunner.java:621)
	at org.testng.SuiteRunner.runTest(SuiteRunner.java:357)
	at org.testng.SuiteRunner.runSequentially(SuiteRunner.java:352)
	at org.testng.SuiteRunner.privateRun(SuiteRunner.java:310)
	at org.testng.SuiteRunner.run(SuiteRunner.java:259)
	at org.testng.SuiteRunnerWorker.runSuite(SuiteRunnerWorker.java:52)
	at org.testng.SuiteRunnerWorker.run(SuiteRunnerWorker.java:86)
	at org.testng.TestNG.runSuitesSequentially(TestNG.java:1199)
	at org.testng.TestNG.runSuitesLocally(TestNG.java:1124)
	at org.testng.TestNG.run(TestNG.java:1032)
	at org.testng.remote.AbstractRemoteTestNG.run(AbstractRemoteTestNG.java:115)
	at org.testng.remote.RemoteTestNG.initAndRun(RemoteTestNG.java:251)
	at org.testng.remote.RemoteTestNG.main(RemoteTestNG.java:77)
]]>
    </failure>
  </testcase> <!-- Validate_HourlyDetails_tmpr_Custom_param -->
  <testcase name="Validate_Criteo_SDK_config_app_Call_sdkVersion_parameter" time="0.444" classname="twc.Automation.ExecutableTestCases.smokeTestCases"/>
  <testcase name="Validate_Marquee_dynght_Custom_param" time="0.395" classname="twc.Automation.ExecutableTestCases.smokeTestCases"/>
  <testcase name="Validate_Criteo_SDK_Bidder_API_Call_Response_Code" time="0.444" classname="twc.Automation.ExecutableTestCases.smokeTestCases"/>
  <testcase name="Validate_GMA_SDK_version" time="0.231" classname="twc.Automation.ExecutableTestCases.smokeTestCases">
    <failure type="java.lang.AssertionError" message="Custom Parameter :js value: afma-sdk-a-v221310999.212910000.1 is not matched with the expected value afma-sdk-a-v214106999.212910000.1">
      <![CDATA[java.lang.AssertionError: Custom Parameter :js value: afma-sdk-a-v221310999.212910000.1 is not matched with the expected value afma-sdk-a-v214106999.212910000.1
	at org.testng.Assert.fail(Assert.java:94)
	at twc.Automation.General.Utils.validate_Noncustom_param_val_of_gampad(Utils.java:6641)
	at twc.Automation.ExecutableTestCases.smokeTestCases.Validate_GMA_SDK_version(smokeTestCases.java:538)
	at sun.reflect.NativeMethodAccessorImpl.invoke0(Native Method)
	at sun.reflect.NativeMethodAccessorImpl.invoke(NativeMethodAccessorImpl.java:62)
	at sun.reflect.DelegatingMethodAccessorImpl.invoke(DelegatingMethodAccessorImpl.java:43)
	at java.lang.reflect.Method.invoke(Method.java:498)
	at org.testng.internal.MethodInvocationHelper.invokeMethod(MethodInvocationHelper.java:85)
	at org.testng.internal.Invoker.invokeMethod(Invoker.java:659)
	at org.testng.internal.Invoker.invokeTestMethod(Invoker.java:845)
	at org.testng.internal.Invoker.invokeTestMethods(Invoker.java:1153)
	at org.testng.internal.TestMethodWorker.invokeTestMethods(TestMethodWorker.java:125)
	at org.testng.internal.TestMethodWorker.run(TestMethodWorker.java:108)
	at org.testng.TestRunner.privateRun(TestRunner.java:771)
	at org.testng.TestRunner.run(TestRunner.java:621)
	at org.testng.SuiteRunner.runTest(SuiteRunner.java:357)
	at org.testng.SuiteRunner.runSequentially(SuiteRunner.java:352)
	at org.testng.SuiteRunner.privateRun(SuiteRunner.java:310)
	at org.testng.SuiteRunner.run(SuiteRunner.java:259)
	at org.testng.SuiteRunnerWorker.runSuite(SuiteRunnerWorker.java:52)
	at org.testng.SuiteRunnerWorker.run(SuiteRunnerWorker.java:86)
	at org.testng.TestNG.runSuitesSequentially(TestNG.java:1199)
	at org.testng.TestNG.runSuitesLocally(TestNG.java:1124)
	at org.testng.TestNG.run(TestNG.java:1032)
	at org.testng.remote.AbstractRemoteTestNG.run(AbstractRemoteTestNG.java:115)
	at org.testng.remote.RemoteTestNG.initAndRun(RemoteTestNG.java:251)
	at org.testng.remote.RemoteTestNG.main(RemoteTestNG.java:77)
]]>
    </failure>
  </testcase> <!-- Validate_GMA_SDK_version -->
  <testcase name="Validate_HourlyDetails_zip_Custom_param" time="0.362" classname="twc.Automation.ExecutableTestCases.smokeTestCases"/>
  <testcase name="Validate_HourlyDetails_ct_Custom_param" time="0.432" classname="twc.Automation.ExecutableTestCases.smokeTestCases">
    <failure type="java.lang.AssertionError" message="Custom Parameter :ct value: Cave%2520Spring is not matched with the expected value: Cave Spring">
      <![CDATA[java.lang.AssertionError: Custom Parameter :ct value: Cave%2520Spring is not matched with the expected value: Cave Spring
	at org.testng.Assert.fail(Assert.java:94)
	at twc.Automation.General.Utils.validate_custom_param_val_of_gampad(Utils.java:4153)
	at twc.Automation.ExecutableTestCases.smokeTestCases.Validate_HourlyDetails_ct_Custom_param(smokeTestCases.java:255)
	at sun.reflect.NativeMethodAccessorImpl.invoke0(Native Method)
	at sun.reflect.NativeMethodAccessorImpl.invoke(NativeMethodAccessorImpl.java:62)
	at sun.reflect.DelegatingMethodAccessorImpl.invoke(DelegatingMethodAccessorImpl.java:43)
	at java.lang.reflect.Method.invoke(Method.java:498)
	at org.testng.internal.MethodInvocationHelper.invokeMethod(MethodInvocationHelper.java:85)
	at org.testng.internal.Invoker.invokeMethod(Invoker.java:659)
	at org.testng.internal.Invoker.invokeTestMethod(Invoker.java:845)
	at org.testng.internal.Invoker.invokeTestMethods(Invoker.java:1153)
	at org.testng.internal.TestMethodWorker.invokeTestMethods(TestMethodWorker.java:125)
	at org.testng.internal.TestMethodWorker.run(TestMethodWorker.java:108)
	at org.testng.TestRunner.privateRun(TestRunner.java:771)
	at org.testng.TestRunner.run(TestRunner.java:621)
	at org.testng.SuiteRunner.runTest(SuiteRunner.java:357)
	at org.testng.SuiteRunner.runSequentially(SuiteRunner.java:352)
	at org.testng.SuiteRunner.privateRun(SuiteRunner.java:310)
	at org.testng.SuiteRunner.run(SuiteRunner.java:259)
	at org.testng.SuiteRunnerWorker.runSuite(SuiteRunnerWorker.java:52)
	at org.testng.SuiteRunnerWorker.run(SuiteRunnerWorker.java:86)
	at org.testng.TestNG.runSuitesSequentially(TestNG.java:1199)
	at org.testng.TestNG.runSuitesLocally(TestNG.java:1124)
	at org.testng.TestNG.run(TestNG.java:1032)
	at org.testng.remote.AbstractRemoteTestNG.run(AbstractRemoteTestNG.java:115)
	at org.testng.remote.RemoteTestNG.initAndRun(RemoteTestNG.java:251)
	at org.testng.remote.RemoteTestNG.main(RemoteTestNG.java:77)
]]>
    </failure>
  </testcase> <!-- Validate_HourlyDetails_ct_Custom_param -->
  <testcase name="Validate_Criteo_SDK_Initialization_API_Call_Response_Parameter_csmEnabled" time="0.459" classname="twc.Automation.ExecutableTestCases.smokeTestCases"/>
  <testcase name="Validate_Feed1_ct_Custom_param" time="0.667" classname="twc.Automation.ExecutableTestCases.smokeTestCases">
    <failure type="java.lang.AssertionError" message="Custom Parameter :ct value: Cave%2520Spring is not matched with the expected value: Cave Spring">
      <![CDATA[java.lang.AssertionError: Custom Parameter :ct value: Cave%2520Spring is not matched with the expected value: Cave Spring
	at org.testng.Assert.fail(Assert.java:94)
	at twc.Automation.General.Utils.validate_custom_param_val_of_gampad(Utils.java:4153)
	at twc.Automation.ExecutableTestCases.smokeTestCases.Validate_Feed1_ct_Custom_param(smokeTestCases.java:241)
	at sun.reflect.NativeMethodAccessorImpl.invoke0(Native Method)
	at sun.reflect.NativeMethodAccessorImpl.invoke(NativeMethodAccessorImpl.java:62)
	at sun.reflect.DelegatingMethodAccessorImpl.invoke(DelegatingMethodAccessorImpl.java:43)
	at java.lang.reflect.Method.invoke(Method.java:498)
	at org.testng.internal.MethodInvocationHelper.invokeMethod(MethodInvocationHelper.java:85)
	at org.testng.internal.Invoker.invokeMethod(Invoker.java:659)
	at org.testng.internal.Invoker.invokeTestMethod(Invoker.java:845)
	at org.testng.internal.Invoker.invokeTestMethods(Invoker.java:1153)
	at org.testng.internal.TestMethodWorker.invokeTestMethods(TestMethodWorker.java:125)
	at org.testng.internal.TestMethodWorker.run(TestMethodWorker.java:108)
	at org.testng.TestRunner.privateRun(TestRunner.java:771)
	at org.testng.TestRunner.run(TestRunner.java:621)
	at org.testng.SuiteRunner.runTest(SuiteRunner.java:357)
	at org.testng.SuiteRunner.runSequentially(SuiteRunner.java:352)
	at org.testng.SuiteRunner.privateRun(SuiteRunner.java:310)
	at org.testng.SuiteRunner.run(SuiteRunner.java:259)
	at org.testng.SuiteRunnerWorker.runSuite(SuiteRunnerWorker.java:52)
	at org.testng.SuiteRunnerWorker.run(SuiteRunnerWorker.java:86)
	at org.testng.TestNG.runSuitesSequentially(TestNG.java:1199)
	at org.testng.TestNG.runSuitesLocally(TestNG.java:1124)
	at org.testng.TestNG.run(TestNG.java:1032)
	at org.testng.remote.AbstractRemoteTestNG.run(AbstractRemoteTestNG.java:115)
	at org.testng.remote.RemoteTestNG.initAndRun(RemoteTestNG.java:251)
	at org.testng.remote.RemoteTestNG.main(RemoteTestNG.java:77)
]]>
    </failure>
  </testcase> <!-- Validate_Feed1_ct_Custom_param -->
  <testcase name="Validate_HourlyDetails_st_Custom_param" time="0.348" classname="twc.Automation.ExecutableTestCases.smokeTestCases"/>
  <testcase name="Validate_Criteo_SDK_Initialization_API_Call_Response_Code" time="0.439" classname="twc.Automation.ExecutableTestCases.smokeTestCases"/>
  <testcase name="Validate_Marquee_zip_Custom_param" time="0.393" classname="twc.Automation.ExecutableTestCases.smokeTestCases"/>
  <testcase name="Validate_Feed1_tmp_Custom_param" time="0.362" classname="twc.Automation.ExecutableTestCases.smokeTestCases"/>
  <testcase name="Validate_Feed1_zip_Custom_param" time="0.479" classname="twc.Automation.ExecutableTestCases.smokeTestCases"/>
  <testcase name="Validate_HourlyDetails_mr_Custom_param" time="0.228" classname="twc.Automation.ExecutableTestCases.smokeTestCases"/>
  <testcase name="Validate_Marquee_cnd_Custom_param" time="2.378" classname="twc.Automation.ExecutableTestCases.smokeTestCases"/>
  <testcase name="Validate_Feed1_tmpc_Custom_param" time="0.003" classname="twc.Automation.ExecutableTestCases.smokeTestCases"/>
  <testcase name="Validate_Marquee_tmpc_Custom_param" time="0.003" classname="twc.Automation.ExecutableTestCases.smokeTestCases"/>
  <testcase name="Validate_Feed1_cnd_Custom_param" time="0.728" classname="twc.Automation.ExecutableTestCases.smokeTestCases"/>
  <testcase name="Validate_Feed1_dynght_Custom_param" time="0.368" classname="twc.Automation.ExecutableTestCases.smokeTestCases"/>
  <testcase name="Validate_Marquee_tmpr_Custom_param" time="0.366" classname="twc.Automation.ExecutableTestCases.smokeTestCases"/>
  <testcase name="Validate_Marquee_locale_Custom_param" time="0.442" classname="twc.Automation.ExecutableTestCases.smokeTestCases"/>
  <testcase name="Validate_Marquee_mr_Custom_param" time="0.219" classname="twc.Automation.ExecutableTestCases.smokeTestCases"/>
  <testcase name="Validate_HourlyDetails_locale_Custom_param" time="0.535" classname="twc.Automation.ExecutableTestCases.smokeTestCases"/>
  <testcase name="Validate_Criteo_SDK_config_app_Call_bundleId_parameter" time="0.423" classname="twc.Automation.ExecutableTestCases.smokeTestCases"/>
  <testcase name="Validate_Criteo_SDK_Initialization_API_Call_Response_Parameter_liveBiddingEnabled" time="10.421" classname="twc.Automation.ExecutableTestCases.smokeTestCases"/>
  <testcase name="Validate_HourlyDetails_tmp_Custom_param" time="0.402" classname="twc.Automation.ExecutableTestCases.smokeTestCases">
    <failure type="java.lang.AssertionError" message="Custom Parameter :tmp value: nl is not matched with the expected value: 80h">
      <![CDATA[java.lang.AssertionError: Custom Parameter :tmp value: nl is not matched with the expected value: 80h
	at org.testng.Assert.fail(Assert.java:94)
	at twc.Automation.General.Utils.validate_custom_param_val_of_gampad(Utils.java:4153)
	at twc.Automation.ExecutableTestCases.smokeTestCases.Validate_HourlyDetails_tmp_Custom_param(smokeTestCases.java:375)
	at sun.reflect.NativeMethodAccessorImpl.invoke0(Native Method)
	at sun.reflect.NativeMethodAccessorImpl.invoke(NativeMethodAccessorImpl.java:62)
	at sun.reflect.DelegatingMethodAccessorImpl.invoke(DelegatingMethodAccessorImpl.java:43)
	at java.lang.reflect.Method.invoke(Method.java:498)
	at org.testng.internal.MethodInvocationHelper.invokeMethod(MethodInvocationHelper.java:85)
	at org.testng.internal.Invoker.invokeMethod(Invoker.java:659)
	at org.testng.internal.Invoker.invokeTestMethod(Invoker.java:845)
	at org.testng.internal.Invoker.invokeTestMethods(Invoker.java:1153)
	at org.testng.internal.TestMethodWorker.invokeTestMethods(TestMethodWorker.java:125)
	at org.testng.internal.TestMethodWorker.run(TestMethodWorker.java:108)
	at org.testng.TestRunner.privateRun(TestRunner.java:771)
	at org.testng.TestRunner.run(TestRunner.java:621)
	at org.testng.SuiteRunner.runTest(SuiteRunner.java:357)
	at org.testng.SuiteRunner.runSequentially(SuiteRunner.java:352)
	at org.testng.SuiteRunner.privateRun(SuiteRunner.java:310)
	at org.testng.SuiteRunner.run(SuiteRunner.java:259)
	at org.testng.SuiteRunnerWorker.runSuite(SuiteRunnerWorker.java:52)
	at org.testng.SuiteRunnerWorker.run(SuiteRunnerWorker.java:86)
	at org.testng.TestNG.runSuitesSequentially(TestNG.java:1199)
	at org.testng.TestNG.runSuitesLocally(TestNG.java:1124)
	at org.testng.TestNG.run(TestNG.java:1032)
	at org.testng.remote.AbstractRemoteTestNG.run(AbstractRemoteTestNG.java:115)
	at org.testng.remote.RemoteTestNG.initAndRun(RemoteTestNG.java:251)
	at org.testng.remote.RemoteTestNG.main(RemoteTestNG.java:77)
]]>
    </failure>
  </testcase> <!-- Validate_HourlyDetails_tmp_Custom_param -->
  <testcase name="Validate_HourlyDetails_tmpc_Custom_param" time="0.003" classname="twc.Automation.ExecutableTestCases.smokeTestCases"/>
  <testcase name="Validate_Feed1_st_Custom_param" time="0.375" classname="twc.Automation.ExecutableTestCases.smokeTestCases"/>
  <testcase name="Validate_Marquee_ct_Custom_param" time="0.362" classname="twc.Automation.ExecutableTestCases.smokeTestCases">
    <failure type="java.lang.AssertionError" message="Custom Parameter :ct value: Cave%2520Spring is not matched with the expected value: Cave Spring">
      <![CDATA[java.lang.AssertionError: Custom Parameter :ct value: Cave%2520Spring is not matched with the expected value: Cave Spring
	at org.testng.Assert.fail(Assert.java:94)
	at twc.Automation.General.Utils.validate_custom_param_val_of_gampad(Utils.java:4153)
	at twc.Automation.ExecutableTestCases.smokeTestCases.Validate_Marquee_ct_Custom_param(smokeTestCases.java:228)
	at sun.reflect.NativeMethodAccessorImpl.invoke0(Native Method)
	at sun.reflect.NativeMethodAccessorImpl.invoke(NativeMethodAccessorImpl.java:62)
	at sun.reflect.DelegatingMethodAccessorImpl.invoke(DelegatingMethodAccessorImpl.java:43)
	at java.lang.reflect.Method.invoke(Method.java:498)
	at org.testng.internal.MethodInvocationHelper.invokeMethod(MethodInvocationHelper.java:85)
	at org.testng.internal.Invoker.invokeMethod(Invoker.java:659)
	at org.testng.internal.Invoker.invokeTestMethod(Invoker.java:845)
	at org.testng.internal.Invoker.invokeTestMethods(Invoker.java:1153)
	at org.testng.internal.TestMethodWorker.invokeTestMethods(TestMethodWorker.java:125)
	at org.testng.internal.TestMethodWorker.run(TestMethodWorker.java:108)
	at org.testng.TestRunner.privateRun(TestRunner.java:771)
	at org.testng.TestRunner.run(TestRunner.java:621)
	at org.testng.SuiteRunner.runTest(SuiteRunner.java:357)
	at org.testng.SuiteRunner.runSequentially(SuiteRunner.java:352)
	at org.testng.SuiteRunner.privateRun(SuiteRunner.java:310)
	at org.testng.SuiteRunner.run(SuiteRunner.java:259)
	at org.testng.SuiteRunnerWorker.runSuite(SuiteRunnerWorker.java:52)
	at org.testng.SuiteRunnerWorker.run(SuiteRunnerWorker.java:86)
	at org.testng.TestNG.runSuitesSequentially(TestNG.java:1199)
	at org.testng.TestNG.runSuitesLocally(TestNG.java:1124)
	at org.testng.TestNG.run(TestNG.java:1032)
	at org.testng.remote.AbstractRemoteTestNG.run(AbstractRemoteTestNG.java:115)
	at org.testng.remote.RemoteTestNG.initAndRun(RemoteTestNG.java:251)
	at org.testng.remote.RemoteTestNG.main(RemoteTestNG.java:77)
]]>
    </failure>
  </testcase> <!-- Validate_Marquee_ct_Custom_param -->
  <testcase name="Validate_Feed1_dma_Custom_param" time="0.475" classname="twc.Automation.ExecutableTestCases.smokeTestCases"/>
  <testcase name="Validate_HourlyDetails_dma_Custom_param" time="0.370" classname="twc.Automation.ExecutableTestCases.smokeTestCases"/>
  <testcase name="Validate_Feed1_locale_Custom_param" time="0.351" classname="twc.Automation.ExecutableTestCases.smokeTestCases"/>
  <testcase name="Validate_Criteo_SDK_config_app_Call_cpId_parameter" time="0.449" classname="twc.Automation.ExecutableTestCases.smokeTestCases"/>
  <testcase name="Validate_Feed1_mr_Custom_param" time="0.213" classname="twc.Automation.ExecutableTestCases.smokeTestCases"/>
  <testcase name="Validate_Marquee_st_Custom_param" time="0.360" classname="twc.Automation.ExecutableTestCases.smokeTestCases"/>
  <testcase name="Validate_Feed1_tmpr_Custom_param" time="0.394" classname="twc.Automation.ExecutableTestCases.smokeTestCases"/>
  <testcase name="Validate_HourlyDetails_dynght_Custom_param" time="0.387" classname="twc.Automation.ExecutableTestCases.smokeTestCases">
    <failure type="java.lang.AssertionError" message="Custom Parameter :dynght value: nl is not matched with the expected value: D">
      <![CDATA[java.lang.AssertionError: Custom Parameter :dynght value: nl is not matched with the expected value: D
	at org.testng.Assert.fail(Assert.java:94)
	at twc.Automation.General.Utils.validate_custom_param_val_of_gampad(Utils.java:4153)
	at twc.Automation.ExecutableTestCases.smokeTestCases.Validate_HourlyDetails_dynght_Custom_param(smokeTestCases.java:454)
	at sun.reflect.NativeMethodAccessorImpl.invoke0(Native Method)
	at sun.reflect.NativeMethodAccessorImpl.invoke(NativeMethodAccessorImpl.java:62)
	at sun.reflect.DelegatingMethodAccessorImpl.invoke(DelegatingMethodAccessorImpl.java:43)
	at java.lang.reflect.Method.invoke(Method.java:498)
	at org.testng.internal.MethodInvocationHelper.invokeMethod(MethodInvocationHelper.java:85)
	at org.testng.internal.Invoker.invokeMethod(Invoker.java:659)
	at org.testng.internal.Invoker.invokeTestMethod(Invoker.java:845)
	at org.testng.internal.Invoker.invokeTestMethods(Invoker.java:1153)
	at org.testng.internal.TestMethodWorker.invokeTestMethods(TestMethodWorker.java:125)
	at org.testng.internal.TestMethodWorker.run(TestMethodWorker.java:108)
	at org.testng.TestRunner.privateRun(TestRunner.java:771)
	at org.testng.TestRunner.run(TestRunner.java:621)
	at org.testng.SuiteRunner.runTest(SuiteRunner.java:357)
	at org.testng.SuiteRunner.runSequentially(SuiteRunner.java:352)
	at org.testng.SuiteRunner.privateRun(SuiteRunner.java:310)
	at org.testng.SuiteRunner.run(SuiteRunner.java:259)
	at org.testng.SuiteRunnerWorker.runSuite(SuiteRunnerWorker.java:52)
	at org.testng.SuiteRunnerWorker.run(SuiteRunnerWorker.java:86)
	at org.testng.TestNG.runSuitesSequentially(TestNG.java:1199)
	at org.testng.TestNG.runSuitesLocally(TestNG.java:1124)
	at org.testng.TestNG.run(TestNG.java:1032)
	at org.testng.remote.AbstractRemoteTestNG.run(AbstractRemoteTestNG.java:115)
	at org.testng.remote.RemoteTestNG.initAndRun(RemoteTestNG.java:251)
	at org.testng.remote.RemoteTestNG.main(RemoteTestNG.java:77)
]]>
    </failure>
  </testcase> <!-- Validate_HourlyDetails_dynght_Custom_param -->
  <testcase name="Validate_Marquee_tmp_Custom_param" time="0.430" classname="twc.Automation.ExecutableTestCases.smokeTestCases"/>
  <testcase name="Validate_HourlyDetails_cnd_Custom_param" time="0.528" classname="twc.Automation.ExecutableTestCases.smokeTestCases">
    <failure type="java.lang.AssertionError" message="Custom Parameter :cnd value: nl is not matched with the expected value: sun">
      <![CDATA[java.lang.AssertionError: Custom Parameter :cnd value: nl is not matched with the expected value: sun
	at org.testng.Assert.fail(Assert.java:94)
	at twc.Automation.General.Utils.validate_custom_param_val_of_gampad(Utils.java:4153)
	at twc.Automation.ExecutableTestCases.smokeTestCases.Validate_HourlyDetails_cnd_Custom_param(smokeTestCases.java:129)
	at sun.reflect.NativeMethodAccessorImpl.invoke0(Native Method)
	at sun.reflect.NativeMethodAccessorImpl.invoke(NativeMethodAccessorImpl.java:62)
	at sun.reflect.DelegatingMethodAccessorImpl.invoke(DelegatingMethodAccessorImpl.java:43)
	at java.lang.reflect.Method.invoke(Method.java:498)
	at org.testng.internal.MethodInvocationHelper.invokeMethod(MethodInvocationHelper.java:85)
	at org.testng.internal.Invoker.invokeMethod(Invoker.java:659)
	at org.testng.internal.Invoker.invokeTestMethod(Invoker.java:845)
	at org.testng.internal.Invoker.invokeTestMethods(Invoker.java:1153)
	at org.testng.internal.TestMethodWorker.invokeTestMethods(TestMethodWorker.java:125)
	at org.testng.internal.TestMethodWorker.run(TestMethodWorker.java:108)
	at org.testng.TestRunner.privateRun(TestRunner.java:771)
	at org.testng.TestRunner.run(TestRunner.java:621)
	at org.testng.SuiteRunner.runTest(SuiteRunner.java:357)
	at org.testng.SuiteRunner.runSequentially(SuiteRunner.java:352)
	at org.testng.SuiteRunner.privateRun(SuiteRunner.java:310)
	at org.testng.SuiteRunner.run(SuiteRunner.java:259)
	at org.testng.SuiteRunnerWorker.runSuite(SuiteRunnerWorker.java:52)
	at org.testng.SuiteRunnerWorker.run(SuiteRunnerWorker.java:86)
	at org.testng.TestNG.runSuitesSequentially(TestNG.java:1199)
	at org.testng.TestNG.runSuitesLocally(TestNG.java:1124)
	at org.testng.TestNG.run(TestNG.java:1032)
	at org.testng.remote.AbstractRemoteTestNG.run(AbstractRemoteTestNG.java:115)
	at org.testng.remote.RemoteTestNG.initAndRun(RemoteTestNG.java:251)
	at org.testng.remote.RemoteTestNG.main(RemoteTestNG.java:77)
]]>
    </failure>
  </testcase> <!-- Validate_HourlyDetails_cnd_Custom_param -->
</testsuite> <!-- twc.Automation.ExecutableTestCases.smokeTestCases -->
