<?xml version="1.0" encoding="UTF-8"?>
<!-- Generated by org.testng.reporters.JUnitReportReporter -->
<testsuite hostname="AswinikumarsMBP.lan" name="twc.Automation.ExecutableTestCases.regressionTestCases" tests="1" failures="0" timestamp="11 Feb 2022 11:05:24 GMT" time="355.461" errors="1">
  <testcase name="Validate_TapabilityOfHomeScreenStickyTestAd" time="355.461" classname="twc.Automation.ExecutableTestCases.regressionTestCases">
    <error type="org.openqa.selenium.NoSuchElementException" message="An element could not be located on the page using the given search parameters. (WARNING: The server did not provide any stacktrace information)
Command duration or timeout: 20.02 seconds
For documentation on this error, please visit: http://seleniumhq.org/exceptions/no_such_element.html
Build info: version: &#039;2.51.0&#039;, revision: &#039;1af067dbcaedd7d2ab9af5151fc471d363d97193&#039;, time: &#039;2016-02-05 11:20:57&#039;
System info: host: &#039;AswinikumarsMBP.lan&#039;, ip: &#039;192.168.1.15&#039;, os.name: &#039;Mac OS X&#039;, os.arch: &#039;x86_64&#039;, os.version: &#039;10.16&#039;, java.version: &#039;1.8.0_311&#039;
Driver info: io.appium.java_client.android.AndroidDriver
Capabilities [{appPackage=com.weather.Weather, statBarHeight=98, noReset=true, viewportRect={top=98, left=0, width=1440, height=2614}, deviceName=803KPXV1599674, platform=LINUX, deviceUDID=803KPXV1599674, desired={appPackage=com.weather.Weather, appActivity=com.weather.Weather.app.SplashScreenActivity, noReset=true, newCommandTimeout=100000, platformVersion=11.0, automationName=UiAutomator2, platformName=Android, deviceName=Samsung}, newCommandTimeout=100000, platformVersion=11, webStorageEnabled=false, automationName=UiAutomator2, takesScreenshot=true, javascriptEnabled=true, platformName=Android, deviceApiLevel=30, deviceManufacturer=Google, deviceScreenSize=1440x2880, networkConnectionEnabled=true, warnings={}, databaseEnabled=false, appActivity=com.weather.Weather.app.SplashScreenActivity, pixelRatio=3.5, locationContextEnabled=false, deviceScreenDensity=560, deviceModel=Pixel 2 XL}]
Session ID: ad689ef0-0e0e-4249-b5d8-975acccdec1e
*** Element info: {Using=id, value=com.weather.Weather:id/sticky_ad_container}">
      <![CDATA[org.openqa.selenium.NoSuchElementException: An element could not be located on the page using the given search parameters. (WARNING: The server did not provide any stacktrace information)
Command duration or timeout: 20.02 seconds
For documentation on this error, please visit: http://seleniumhq.org/exceptions/no_such_element.html
Build info: version: '2.51.0', revision: '1af067dbcaedd7d2ab9af5151fc471d363d97193', time: '2016-02-05 11:20:57'
System info: host: 'AswinikumarsMBP.lan', ip: '192.168.1.15', os.name: 'Mac OS X', os.arch: 'x86_64', os.version: '10.16', java.version: '1.8.0_311'
Driver info: io.appium.java_client.android.AndroidDriver
Capabilities [{appPackage=com.weather.Weather, statBarHeight=98, noReset=true, viewportRect={top=98, left=0, width=1440, height=2614}, deviceName=803KPXV1599674, platform=LINUX, deviceUDID=803KPXV1599674, desired={appPackage=com.weather.Weather, appActivity=com.weather.Weather.app.SplashScreenActivity, noReset=true, newCommandTimeout=100000, platformVersion=11.0, automationName=UiAutomator2, platformName=Android, deviceName=Samsung}, newCommandTimeout=100000, platformVersion=11, webStorageEnabled=false, automationName=UiAutomator2, takesScreenshot=true, javascriptEnabled=true, platformName=Android, deviceApiLevel=30, deviceManufacturer=Google, deviceScreenSize=1440x2880, networkConnectionEnabled=true, warnings={}, databaseEnabled=false, appActivity=com.weather.Weather.app.SplashScreenActivity, pixelRatio=3.5, locationContextEnabled=false, deviceScreenDensity=560, deviceModel=Pixel 2 XL}]
Session ID: ad689ef0-0e0e-4249-b5d8-975acccdec1e
*** Element info: {Using=id, value=com.weather.Weather:id/sticky_ad_container}
	at sun.reflect.NativeConstructorAccessorImpl.newInstance0(Native Method)
	at sun.reflect.NativeConstructorAccessorImpl.newInstance(NativeConstructorAccessorImpl.java:62)
	at sun.reflect.DelegatingConstructorAccessorImpl.newInstance(DelegatingConstructorAccessorImpl.java:45)
	at java.lang.reflect.Constructor.newInstance(Constructor.java:423)
	at org.openqa.selenium.remote.ErrorHandler.createThrowable(ErrorHandler.java:206)
	at org.openqa.selenium.remote.ErrorHandler.throwIfResponseFailed(ErrorHandler.java:158)
	at org.openqa.selenium.remote.RemoteWebDriver.execute(RemoteWebDriver.java:678)
	at io.appium.java_client.DefaultGenericMobileDriver.execute(DefaultGenericMobileDriver.java:40)
	at io.appium.java_client.AppiumDriver.execute(AppiumDriver.java:1)
	at io.appium.java_client.android.AndroidDriver.execute(AndroidDriver.java:1)
	at org.openqa.selenium.remote.RemoteWebDriver.findElement(RemoteWebDriver.java:363)
	at io.appium.java_client.DefaultGenericMobileDriver.findElement(DefaultGenericMobileDriver.java:56)
	at io.appium.java_client.AppiumDriver.findElement(AppiumDriver.java:1)
	at io.appium.java_client.android.AndroidDriver.findElement(AndroidDriver.java:1)
	at org.openqa.selenium.remote.RemoteWebDriver.findElementById(RemoteWebDriver.java:413)
	at io.appium.java_client.DefaultGenericMobileDriver.findElementById(DefaultGenericMobileDriver.java:64)
	at io.appium.java_client.AppiumDriver.findElementById(AppiumDriver.java:1)
	at io.appium.java_client.android.AndroidDriver.findElementById(AndroidDriver.java:1)
	at twc.Automation.HandleWithApp.AppFunctions.verifyingtapabilityoftesads(AppFunctions.java:953)
	at twc.Automation.ExecutableTestCases.regressionTestCases.Validate_TapabilityOfHomeScreenStickyTestAd(regressionTestCases.java:88)
	at sun.reflect.NativeMethodAccessorImpl.invoke0(Native Method)
	at sun.reflect.NativeMethodAccessorImpl.invoke(NativeMethodAccessorImpl.java:62)
	at sun.reflect.DelegatingMethodAccessorImpl.invoke(DelegatingMethodAccessorImpl.java:43)
	at java.lang.reflect.Method.invoke(Method.java:498)
	at org.testng.internal.MethodInvocationHelper.invokeMethod(MethodInvocationHelper.java:85)
	at org.testng.internal.Invoker.invokeMethod(Invoker.java:659)
	at org.testng.internal.Invoker.invokeTestMethod(Invoker.java:845)
	at org.testng.internal.Invoker.invokeTestMethods(Invoker.java:1153)
	at org.testng.internal.TestMethodWorker.invokeTestMethods(TestMethodWorker.java:125)
	at org.testng.internal.TestMethodWorker.run(TestMethodWorker.java:108)
	at org.testng.TestRunner.privateRun(TestRunner.java:771)
	at org.testng.TestRunner.run(TestRunner.java:621)
	at org.testng.SuiteRunner.runTest(SuiteRunner.java:357)
	at org.testng.SuiteRunner.runSequentially(SuiteRunner.java:352)
	at org.testng.SuiteRunner.privateRun(SuiteRunner.java:310)
	at org.testng.SuiteRunner.run(SuiteRunner.java:259)
	at org.testng.SuiteRunnerWorker.runSuite(SuiteRunnerWorker.java:52)
	at org.testng.SuiteRunnerWorker.run(SuiteRunnerWorker.java:86)
	at org.testng.TestNG.runSuitesSequentially(TestNG.java:1199)
	at org.testng.TestNG.runSuitesLocally(TestNG.java:1124)
	at org.testng.TestNG.run(TestNG.java:1032)
	at org.testng.remote.AbstractRemoteTestNG.run(AbstractRemoteTestNG.java:115)
	at org.testng.remote.RemoteTestNG.initAndRun(RemoteTestNG.java:251)
	at org.testng.remote.RemoteTestNG.main(RemoteTestNG.java:77)
]]>
    </error>
  </testcase> <!-- Validate_TapabilityOfHomeScreenStickyTestAd -->
</testsuite> <!-- twc.Automation.ExecutableTestCases.regressionTestCases -->
